


###########################################################################
##########   Welcome to work with nanodcal (Version 2020B).      ##########
##########     ---- Hongzhiwei Technology (Shanghai) Co., LTD.   ##########
##########                                10-Sep-2022 22:09:43   ##########
###########################################################################

###################### How to cite Nanodcal ###############################
###    J. Taylor, H. Guo, and J. Wang, Phys. Rev. B 63, 245407 (2001).  ###
###         https://doi.org/10.1103/PhysRevB.63.245407                  ###
###########################################################################




++++++++++++++++++++++++++++++++++++++++++++++++++++++++++++++++++++++++++++++++++

This is a parallel calculation on 4 processes for transmission coefficients.

The input file is main.input.

The length unit used is Angstrom.
The energy unit used is eV.


System Summary:
                          System Name: carbon-chain
                          System Type: 2 probe, 1D lead, general spin
                           # of Leads: 2
                       Type of Lead 1: left
            Voltage Applied on Lead 1: 0
             Spin Direction of Lead 1: [0  0  1]
                       Type of Lead 2: right
            Voltage Applied on Lead 2: 0
             Spin Direction of Lead 2: [1  1.2162e-16 -5.3884e-13]
           # of Atoms in Central Cell: 12
 # of Electrons of Central Cell Atoms: 48
     # of Basis of Central Cell Atoms: 312

Parameters Summary:
                   XC functional type: LDA_PZ81
            central cell base vectors:
                   v1 = (2.000000e+01, 0.000000e+00, 0.000000e+00)
                   v2 = (0.000000e+00, 2.000000e+01, 0.000000e+00)
                   v3 = (0.000000e+00, 0.000000e+00, 3.800000e+01)
               realspace grid numbers: [120 120 228]
                realspace grid volume: 0.0046296 Angstrom^3
                 k-space grid numbers: [1 1 1]
         e-point # on complex contour: 120
    lowest e-point on complex contour: -69.3961
               electronic temperature: 0 K


Starting the calculations ...... ...... ......



calculation of the transmission coefficients, using the green function method ......
        n=1, k=(0.000000e+00,0.000000e+00,0.000000e+00), e=-7.349865e-02
        n=2, k=(0.000000e+00,0.000000e+00,0.000000e+00), e=-3.674933e-02
        n=3, k=(0.000000e+00,0.000000e+00,0.000000e+00), e=0.000000e+00
        n=4, k=(0.000000e+00,0.000000e+00,0.000000e+00), e=3.674933e-02
        n=5, k=(0.000000e+00,0.000000e+00,0.000000e+00), e=7.349865e-02
------ calculation of the transmission coefficients finished. time used: 000:00:01

saving calculated results ...... :: finished. time used: 000:00:00


------ ------ ------ All the calculations have been finished. time used: 000:00:01

++++++++++++++++++++++++++++++++++++++++++++++++++++++++++++++++++++++++++++++++++




###########################################################################
##########   Thanks for using nanodcal. See you next time.       ##########
##########     ---- Hongzhiwei Technology (Shanghai) Co., LTD.   ##########
##########                                10-Sep-2022 22:09:44   ##########
###########################################################################



