


###########################################################################
##########   Welcome to work with nanodcal (Version 2020B).      ##########
##########     ---- Hongzhiwei Technology (Shanghai) Co., LTD.   ##########
##########                                09-Oct-2023 22:59:13   ##########
###########################################################################

###################### How to cite Nanodcal ###############################
###    J. Taylor, H. Guo, and J. Wang, Phys. Rev. B 63, 245407 (2001).  ###
###         https://doi.org/10.1103/PhysRevB.63.245407                  ###
###########################################################################




++++++++++++++++++++++++++++++++++++++++++++++++++++++++++++++++++++++++++++++++++

This is a parallel calculation on 16 processes for self consistent field.

The input file is scf.input.

The length unit used is Angstrom.
The energy unit used is eV.


initialization of the object ......
        loading neutral atomic data ......
            data file loaded: /work/lise/work2022_nanodcal/6_junpy-dataset-2/bulk_iron_monolayer/PBE_basis/Fe_DZP_PBE.nad
        ------ finished. time used: 000:00:00
        calculating adjacent matrix ...... :: finished. time used: 000:00:00
------ calculation of initialization finished. time used: 000:00:01


System Summary:
                          System Name: Fe_monolayer
                          System Type: periodic-2D, general spin
           # of Atoms in Central Cell: 1
 # of Electrons of Central Cell Atoms: 8
     # of Basis of Central Cell Atoms: 30

Parameters Summary:
 spin-orbital interaction energy term: included
                   XC functional type: GGA_PBE96
            central cell base vectors:
                   v1 = (1.725000e+00, 1.725000e+00, 0.000000e+00)
                   v2 = (-1.725000e+00, 1.725000e+00, 0.000000e+00)
                   v3 = (0.000000e+00, 0.000000e+00, 1.500000e+01)
               realspace grid numbers: [36 36 220]
                realspace grid volume: 0.00031309 Angstrom^3
                 k-space grid numbers: [69 69 1]
               electronic temperature: 0 K


Starting the calculations ...... ...... ......



calculation of the rigid atomic field ......
        calculating S, T, and Vnl ...... :: finished. time used: 000:00:01
        calculating Vna ...... :: finished. time used: 000:00:00
        calculating Rpc ....... :: finished. time used: 000:00:00
        calculating Rna & initial Rho ...... :: finished. time used: 000:00:00
        calculating real space XC potential ...... :: finished. time used: 000:00:04
        calculating real space Veff ...... :: finished. time used: 000:00:00
        constructing static part of H ...... :: finished. time used: 000:00:00
        calculating Veff Matrix ...... :: finished. time used: 000:00:01
        constructing Hamiltonian ...... :: finished. time used: 000:00:00
------ calculation of rigidAtomicField finished. time used: 000:00:06


calculation of the self-consistent field ......
    Some parameters used:
          The calculation is starting from real space density.
          The physical quantity to be mixed is real space density.
          The mixing is performed by class cMixerPulay.
    Self-Consistent Loops:
    Loop #        time         hMatrix       rhoMatrix     totalEnergy      bandEnergy      gridCharge   orbitalCharge       spinPolar
         1   000:00:27      0.0000E+00      0.0000E+00      6.9372E+00      7.8042E+00      2.0771E-04      1.1546E-13      1.7172E-01
         2   000:00:28      1.6460E-02      2.2656E-03      2.2438E+00     -1.3043E+01      2.4425E-04     -2.1316E-14      2.2006E-01
         3   000:00:21      1.8514E-02      3.0495E-03      3.8283E+00     -1.7496E+01      2.9257E-04      1.9007E-13      3.0382E-01
         4   000:00:17      1.0554E-03      9.7755E-05      1.5208E-01     -7.7668E-01      2.9405E-04     -1.1102E-13      3.0192E-01
         5   000:00:21      1.5087E-02      1.7055E-03     -1.8090E+00      7.1509E+00      2.8839E-04      2.9488E-13      3.6436E-01
         6   000:00:22      8.8217E-03      6.0861E-04      1.2614E+00     -5.5358E+00      2.9617E-04     -2.5935E-13      3.4907E-01
         7   000:00:20      1.9669E-04      3.3051E-05      1.6381E-02      4.8318E-02      2.9614E-04      1.1013E-13      3.4880E-01
         8   000:00:21      3.1161E-03      2.9740E-04     -4.2349E-01      6.3154E-01      2.9538E-04     -2.1938E-13      3.5547E-01
         9   000:00:17      7.1625E-04      9.9685E-05     -9.7583E-02     -2.6397E-01      2.9574E-04     -4.4409E-15      3.5860E-01
        10   000:00:21      5.1585E-04      9.1693E-05     -1.0254E-01     -5.5886E-02      2.9505E-04      8.5265E-14      3.6101E-01
        11   000:00:21      3.0465E-04      3.8280E-05      4.3868E-02     -2.9000E-02      2.9519E-04     -2.4425E-13      3.6005E-01
        12   000:00:21      1.3388E-04      1.6467E-05     -5.0950E-03      2.6462E-02      2.9519E-04     -6.5725E-14      3.6049E-01
        13   000:00:20      4.3678E-05      6.2286E-06      4.2301E-03      6.4946E-03      2.9520E-04      1.3145E-13      3.6066E-01
        14   000:00:20      2.3130E-05      2.1113E-06      8.5896E-04     -3.0266E-03      2.9521E-04      1.9540E-14      3.6064E-01
        15   000:00:20      4.3241E-05      3.8924E-06      6.1386E-04     -1.2760E-02      2.9522E-04     -1.9362E-13      3.6066E-01
        16   000:00:20      2.1459E-05      2.2288E-06      3.2595E-04     -4.3228E-03      2.9522E-04     -1.0925E-13      3.6066E-01
        17   000:00:16      8.6522E-06      7.0597E-07     -2.4882E-04      1.1969E-03      2.9522E-04     -4.0856E-14      3.6067E-01
        18   000:00:15      6.9937E-06      5.0439E-07     -1.1083E-04      2.1665E-03      2.9522E-04      2.3448E-13      3.6068E-01
        19   000:00:14      5.5396E-06      3.5819E-07     -1.1863E-04      1.2513E-03      2.9522E-04      8.7041E-14      3.6069E-01
        20   000:00:14      1.0414E-06      6.0539E-08      2.2659E-05     -1.5984E-04      2.9522E-04     -9.6811E-14      3.6069E-01
        21   000:00:17      1.0659E-06      8.7858E-08     -1.7533E-05      7.2670E-05      2.9522E-04      1.0125E-13      3.6069E-01
        22   000:00:15      1.6598E-06      1.5197E-07      1.1207E-05     -1.3751E-05      2.9522E-04      2.2560E-13      3.6069E-01
        23   000:00:20      2.1065E-06      2.1064E-07     -1.8447E-05     -5.5822E-05      2.9522E-04     -3.1175E-13      3.6069E-01
        24   000:00:16      1.8460E-06      1.9510E-07      7.7530E-06      4.4469E-05      2.9522E-04      1.6698E-13      3.6069E-01
        25   000:00:14      7.6614E-07      7.0427E-08      1.2959E-05     -7.6258E-05      2.9522E-04      5.3291E-15      3.6068E-01
        26   000:00:15      2.8873E-06      2.5971E-07     -3.7167E-05      4.4529E-04      2.9522E-04      8.3489E-14      3.6069E-01
        27   000:00:21      1.4404E-06      1.2840E-07     -5.9447E-06      1.8186E-04      2.9522E-04      3.2863E-13      3.6069E-01
        28   000:00:20      7.8211E-07      6.4660E-08     -1.0023E-05      1.2573E-04      2.9522E-04      1.1724E-13      3.6069E-01
        29   000:00:21      1.8973E-06      1.7616E-07      1.5530E-06      6.1514E-05      2.9522E-04     -3.5083E-13      3.6069E-01
        30   000:00:14      1.5751E-06      1.3850E-07      6.6158E-06     -3.1508E-05      2.9522E-04      1.5454E-13      3.6069E-01
        31   000:00:14      9.8597E-07      9.9570E-08     -6.7015E-06     -1.3995E-04      2.9522E-04      2.8777E-13      3.6069E-01
        32   000:00:14      3.6489E-07      4.0918E-08     -1.0709E-08     -3.8406E-05      2.9522E-04      2.1316E-14      3.6069E-01
        33   000:00:20      2.1033E-06      1.7955E-07      1.1335E-05     -2.0566E-04      2.9522E-04     -4.4409E-15      3.6069E-01
        34   000:00:20      2.6898E-06      2.4837E-07     -1.6042E-05      3.4608E-04      2.9522E-04     -4.1744E-14      3.6069E-01
        35   000:00:20      8.8094E-07      7.9072E-08      7.8815E-06     -1.1776E-04      2.9522E-04     -2.3004E-13      3.6069E-01
        36   000:00:20      2.3124E-06      2.4046E-07     -9.7972E-06      1.1248E-04      2.9522E-04      1.3500E-13      3.6069E-01
        37   000:00:20      2.0238E-06      2.1435E-07     -3.3706E-06     -9.1964E-05      2.9522E-04     -6.2172E-15      3.6069E-01
        38   000:00:20      2.0334E-06      2.1227E-07      8.1650E-06      9.3724E-05      2.9522E-04     -3.8192E-14      3.6069E-01
        39   000:00:21      8.2595E-07      6.8513E-08      1.6885E-06      8.1722E-05      2.9522E-04      7.4607E-14      3.6069E-01
        40   000:00:21      2.3259E-06      2.0714E-07      1.5404E-05     -3.3992E-04      2.9522E-04     -2.9932E-13      3.6069E-01
        41   000:00:21      9.3110E-07      6.9347E-08     -3.2271E-06     -8.6403E-05      2.9522E-04     -2.2471E-13      3.6069E-01
        42   000:00:21      1.6251E-06      1.5267E-07     -1.4613E-05      2.0418E-04      2.9522E-04      2.5224E-13      3.6069E-01
        43   000:00:22      1.5629E-06      1.3270E-07      1.5341E-06      6.8790E-05      2.9522E-04      8.1712E-14      3.6069E-01
        44   000:00:21      9.4883E-07      6.2548E-08      2.4914E-06      6.3927E-05      2.9522E-04     -2.7978E-13      3.6069E-01
        45   000:00:21      1.2600E-06      9.3335E-08      2.9042E-06     -2.4264E-04      2.9522E-04      1.2612E-13      3.6069E-01
        46   000:00:21      8.9686E-07      7.2332E-08      4.2134E-06     -8.1013E-05      2.9522E-04     -2.3004E-13      3.6069E-01
        47   000:00:21      2.0877E-06      1.9928E-07      9.4709E-06     -8.9340E-05      2.9522E-04      1.2434E-14      3.6069E-01
        48   000:00:21      9.9145E-06      1.2065E-06     -9.2270E-06      2.0395E-04      2.9522E-04      2.2027E-13      3.6069E-01
        49   000:00:21      2.9968E-06      3.2905E-07     -6.8209E-06      2.1868E-05      2.9522E-04      3.3751E-13      3.6069E-01
        50   000:00:21      1.5360E-06      1.4084E-07     -4.0969E-06     -3.6916E-05      2.9522E-04      4.0856E-14      3.6069E-01
------ self-consistency NOT obtained, but maximum of SCF steps rearched. time used: 000:16:17

saving calculated results ...... :: finished. time used: 000:00:05


------ ------ ------ All the calculations have been finished. time used: 000:16:31

++++++++++++++++++++++++++++++++++++++++++++++++++++++++++++++++++++++++++++++++++




###########################################################################
##########   Thanks for using nanodcal. See you next time.       ##########
##########     ---- Hongzhiwei Technology (Shanghai) Co., LTD.   ##########
##########                                09-Oct-2023 23:15:45   ##########
###########################################################################



