


###########################################################################
##########   Welcome to work with nanodcal (Version 2020B).      ##########
##########     ---- Hongzhiwei Technology (Shanghai) Co., LTD.   ##########
##########                                09-Sep-2022 03:53:13   ##########
###########################################################################

###################### How to cite Nanodcal ###############################
###    J. Taylor, H. Guo, and J. Wang, Phys. Rev. B 63, 245407 (2001).  ###
###         https://doi.org/10.1103/PhysRevB.63.245407                  ###
###########################################################################




++++++++++++++++++++++++++++++++++++++++++++++++++++++++++++++++++++++++++++++++++

This is a parallel calculation on 4 processes for self consistent field.

The input file is scf.input.

The length unit used is Angstrom.
The energy unit used is eV.


initialization of the object ......
        loading lead object data ......
            data file loaded: ../../lead_3C_zx0/NanodcalObject.mat
        ------ finished. time used: 000:00:02
        loading lead object data ......
            data file loaded: ../../lead_3C_zx90/NanodcalObject.mat
        ------ finished. time used: 000:00:02
        loading neutral atomic data ......
            data file loaded: /work/lise/work2022_nanodcal/6_junpy-dataset-2/twoprobe_carbon_chain/LDA_basis/C_DZP.nad
        ------ finished. time used: 000:00:00
        calculating adjacent matrix ...... :: finished. time used: 000:00:00
------ calculation of initialization finished. time used: 000:00:23


System Summary:
                          System Name: carbon-chain
                          System Type: 2 probe, 1D lead, general spin
                           # of Leads: 2
                       Type of Lead 1: left
            Voltage Applied on Lead 1: 0
             Spin Direction of Lead 1: [0  0  1]
                       Type of Lead 2: right
            Voltage Applied on Lead 2: 0
             Spin Direction of Lead 2: [1  1.2162e-16 -5.3884e-13]
           # of Atoms in Central Cell: 12
 # of Electrons of Central Cell Atoms: 48
     # of Basis of Central Cell Atoms: 312

Parameters Summary:
                   XC functional type: LDA_PZ81
            central cell base vectors:
                   v1 = (2.000000e+01, 0.000000e+00, 0.000000e+00)
                   v2 = (0.000000e+00, 2.000000e+01, 0.000000e+00)
                   v3 = (0.000000e+00, 0.000000e+00, 3.800000e+01)
               realspace grid numbers: [120 120 228]
                realspace grid volume: 0.0046296 Angstrom^3
                 k-space grid numbers: [1 1 1]
         e-point # on complex contour: 120
    lowest e-point on complex contour: -69.3961
               electronic temperature: 0 K


Starting the calculations ...... ...... ......



calculation of the rigid atomic field ......
        calculating S, T, and Vnl ...... :: finished. time used: 000:00:01
        calculating Vna ...... :: finished. time used: 000:00:00
        calculating Rpc ....... :: finished. time used: 000:00:00
        calculating Rna & initial Rho ...... :: finished. time used: 000:00:00
        calculating real space XC potential ...... :: finished. time used: 000:00:01
        calculating real space Vdh ...... :: finished. time used: 000:00:01
        calculating real space Veff ...... :: finished. time used: 000:00:01
        calculating Veff Matrix, the leads part ...... :: finished. time used: 000:00:01
        constructing static part of H ...... :: finished. time used: 000:00:00
        calculating Veff Matrix ...... :: finished. time used: 000:00:00
        constructing Hamiltonian ...... :: finished. time used: 000:00:00
------ calculation of rigidAtomicField finished. time used: 000:00:06


calculation of the self-consistent field ......
    Some parameters used:
          The calculation is starting from hamiltonian matrix.
          The physical quantity to be mixed is hamiltonian matrix.
          The mixing is performed by class cMixerPulay.
    Self-Consistent Loops:
    Loop #        time         hMatrix       rhoMatrix     totalEnergy      bandEnergy      gridCharge   orbitalCharge       spinPolar
         1   000:00:06      2.1585E+00      0.0000E+00     -3.1203E+01     -1.1311E+03     -8.9462E+00     -8.9556E+00      2.7261E-01
         2   000:00:06      1.3790E+00      2.4161E-03     -7.4206E+01      2.8804E+02     -5.9203E+00     -5.9294E+00      3.0385E-01
         3   000:00:07      6.4244E-01      2.1856E-03     -4.2674E+01      3.3759E+02     -3.0115E+00     -3.0199E+00      3.2991E-01
         4   000:00:06      2.4151E-01      1.8015E-03     -1.5026E+01      3.6240E+02     -3.7746E-01     -3.8553E-01      3.5076E-01
         5   000:00:06      2.1578E-01      7.8106E-04      4.3462E-01     -1.0382E+02     -1.0017E+00     -1.0097E+00      3.4603E-01
         6   000:00:05      5.1583E-01      1.7059E-03      7.1097E+00     -2.0445E+02     -2.1033E+00     -2.1086E+00      3.3738E-01
         7   000:00:06      1.0948E-01      1.2170E-03     -1.1076E+01      2.1318E+02     -5.0604E-01     -5.1106E-01      3.4980E-01
         8   000:00:06      7.8387E-02      1.9744E-04     -8.7301E-01      2.8613E+01     -2.9666E-01     -3.0153E-01      3.5137E-01
         9   000:00:06      2.4805E-01      7.2532E-04      4.1076E+00     -1.0521E+02     -1.0408E+00     -1.0459E+00      3.4573E-01
        10   000:00:06      4.1804E-01      7.9004E-04      6.7709E+00     -8.2158E+01     -1.8703E+00     -1.8770E+00      3.3924E-01
        11   000:00:06      5.3952E-01      4.0344E-03     -7.4329E+00      5.3135E+02      2.4851E+00      2.4855E+00      3.7097E-01
        12   000:00:06      6.6286E-02      2.9492E-03     -4.7885E+00     -2.9687E+02      1.0753E-01      1.0340E-01      3.5436E-01
        13   000:00:06      2.8501E-01      9.5853E-04     -7.4827E-01      1.3992E+02      1.1403E+00      1.1374E+00      3.6178E-01
        14   000:00:06      4.3251E-01      2.1426E-03      1.1939E+01     -3.8674E+02     -1.6303E+00     -1.6341E+00      3.4114E-01
        15   000:00:06      2.0508E-01      8.2096E-04     -7.3392E+00      1.1626E+02     -8.0537E-01     -8.0923E-01      3.4754E-01
        16   000:00:06      1.0072E-01      1.0772E-03     -4.8167E+00      1.6321E+02      4.0854E-01      4.0559E-01      3.5655E-01
        17   000:00:06      7.3767E-02      6.1761E-04      1.8911E+00     -9.2971E+01     -2.6416E-01     -2.6751E-01      3.5161E-01
        18   000:00:05      2.8129E-01      7.4253E-04      4.9339E+00     -1.1034E+02     -1.0954E+00     -1.0994E+00      3.4531E-01
        19   000:00:06      1.7854E-01      3.9757E-04     -2.8206E+00      5.3801E+01     -6.8933E-01     -6.9306E-01      3.4842E-01
        20   000:00:06      6.5962E-02      4.3628E-04     -2.1119E+00      6.2177E+01     -2.5819E-01     -2.6205E-01      3.5166E-01
        21   000:00:06      1.4819E-02      3.2489E-04     -1.0564E+00      3.2935E+01      2.2566E-02      1.9583E-02      3.5374E-01
        22   000:00:06      2.7897E-02      1.0050E-04      2.9725E-01     -1.2933E+01     -7.1775E-02     -7.4718E-02      3.5304E-01
        23   000:00:06      5.1252E-02      2.7016E-04     -8.3409E-01      3.9381E+01      2.1856E-01      2.1601E-01      3.5517E-01
        24   000:00:06      2.7703E-02      9.8646E-05      2.8380E-01     -1.3715E+01      1.0896E-01      1.0621E-01      3.5437E-01
        25   000:00:06      3.4282E-02      3.4185E-05     -9.2231E-02      4.0519E+00      1.4281E-01      1.4014E-01      3.5462E-01
        26   000:00:06      1.2417E-02      1.0904E-04      3.0640E-01     -1.5625E+01      3.2504E-02      2.9669E-02      3.5381E-01
        27   000:00:06      1.2315E-02      5.8859E-06      6.8663E-03     -4.4082E-01      3.0025E-02      2.7202E-02      3.5379E-01
        28   000:00:06      1.2261E-02      6.8445E-06      6.0221E-03     -3.8804E-01      2.7771E-02      2.4968E-02      3.5377E-01
        29   000:00:06      1.1335E-02      4.5387E-05      7.2640E-03      2.0247E-01      2.3966E-02      2.1308E-02      3.5374E-01
        30   000:00:06      9.7307E-03      7.6322E-05      3.6205E-02     -7.9904E-01      9.9945E-03      7.5404E-03      3.5364E-01
        31   000:00:06      9.2300E-03      2.7031E-05     -1.4444E-02      8.3812E-01      1.4043E-02      1.1680E-02      3.5367E-01
        32   000:00:06      7.5620E-03      6.5888E-05      2.5023E-02     -8.1398E-01      3.4708E-03      1.4183E-03      3.5359E-01
        33   000:00:06      6.2203E-03      5.0073E-05      1.8706E-02     -1.4747E-01     -3.9601E-03     -5.7990E-03      3.5353E-01
        34   000:00:07      4.7133E-03      6.1863E-05      3.6275E-02     -5.8608E-01     -1.6923E-02     -1.8531E-02      3.5343E-01
        35   000:00:06      4.0343E-03      3.8953E-05     -6.6915E-03     -5.3662E-02     -1.5734E-02     -1.7145E-02      3.5344E-01
        36   000:00:06      3.8620E-03      6.4767E-06     -3.2532E-03      1.2062E-02     -1.4882E-02     -1.6260E-02      3.5344E-01
        37   000:00:06      3.1732E-03      2.0748E-05     -1.4435E-02      3.0632E-01     -1.0774E-02     -1.2062E-02      3.5347E-01
        38   000:00:06      3.0331E-03      2.2864E-06     -4.1639E-03      1.6697E-01     -9.4052E-03     -1.0696E-02      3.5348E-01
        39   000:00:06      2.9074E-03      3.7004E-06     -3.4282E-03      1.5413E-01     -8.2430E-03     -9.5450E-03      3.5349E-01
        40   000:00:06      2.5018E-03      2.9568E-05      1.1475E-02     -1.2782E-01     -1.2325E-02     -1.3515E-02      3.5346E-01
        41   000:00:06      2.4243E-03      1.0410E-05      2.8326E-03     -7.2118E-02     -1.3387E-02     -1.4534E-02      3.5345E-01
        42   000:00:06      2.2485E-03      6.1357E-06     -4.9242E-03      3.5732E-02     -1.1900E-02     -1.3031E-02      3.5346E-01
        43   000:00:06      2.2079E-03      1.8609E-06     -1.8115E-03      6.0191E-02     -1.1323E-02     -1.2454E-02      3.5347E-01
        44   000:00:06      2.1715E-03      3.1066E-06      3.3931E-04      8.9972E-03     -1.1469E-02     -1.2587E-02      3.5347E-01
        45   000:00:06      1.9989E-03      1.2292E-05      3.0569E-05      1.0840E-01     -1.1582E-02     -1.2653E-02      3.5346E-01
        46   000:00:06      1.9774E-03      8.0587E-07      5.6255E-04     -1.7415E-02     -1.1767E-02     -1.2838E-02      3.5346E-01
        47   000:00:06      1.6656E-03      1.3090E-05      7.9940E-03     -1.7719E-01     -1.4426E-02     -1.5490E-02      3.5344E-01
        48   000:00:06      1.5928E-03      4.2013E-06      2.5045E-03     -2.1886E-02     -1.5204E-02     -1.6280E-02      3.5344E-01
        49   000:00:06      1.5512E-03      3.3524E-06      1.4668E-03     -1.1886E-02     -1.5660E-02     -1.6741E-02      3.5343E-01
        50   000:00:06      1.4189E-03      7.3771E-06      1.2286E-03     -5.5187E-02     -1.6113E-02     -1.7184E-02      3.5343E-01
        51   000:00:06      1.3243E-03      6.2493E-06     -2.1125E-03      1.1905E-02     -1.5410E-02     -1.6505E-02      3.5343E-01
        52   000:00:06      1.2339E-03      3.8984E-06     -2.0056E-03      4.8093E-02     -1.4741E-02     -1.5849E-02      3.5344E-01
        53   000:00:06      1.0376E-03      5.9659E-06     -2.3700E-03      8.6695E-02     -1.3987E-02     -1.5096E-02      3.5344E-01
        54   000:00:06      9.3612E-04      6.5519E-06      1.4442E-04      4.7412E-03     -1.4064E-02     -1.5174E-02      3.5344E-01
        55   000:00:06      8.5144E-04      7.3658E-06      1.5547E-03     -3.6771E-02     -1.4547E-02     -1.5675E-02      3.5344E-01
        56   000:00:06      7.9141E-04      4.3254E-06      4.3510E-04     -1.9751E-02     -1.4684E-02     -1.5819E-02      3.5344E-01
        57   000:00:06      7.6342E-04      4.7482E-06     -1.6876E-03     -1.4723E-02     -1.4179E-02     -1.5314E-02      3.5344E-01
        58   000:00:06      7.1187E-04      4.1846E-06     -2.1286E-03      1.8112E-02     -1.3483E-02     -1.4629E-02      3.5345E-01
        59   000:00:06      6.3585E-04      4.1545E-06     -2.6786E-03      5.4249E-02     -1.2596E-02     -1.3756E-02      3.5345E-01
        60   000:00:06      5.9721E-04      2.5765E-06     -1.3013E-03      3.4230E-02     -1.2185E-02     -1.3344E-02      3.5346E-01
        61   000:00:06      5.7640E-04      2.6805E-06      7.7570E-05     -1.0714E-02     -1.2228E-02     -1.3385E-02      3.5346E-01
        62   000:00:06      5.4424E-04      1.9545E-06      4.5278E-04     -1.6140E-02     -1.2363E-02     -1.3526E-02      3.5346E-01
        63   000:00:06      5.3051E-04      1.0508E-06     -8.7402E-05     -8.2035E-04     -1.2330E-02     -1.3495E-02      3.5346E-01
        64   000:00:06      4.9402E-04      2.0718E-06     -1.2222E-03      2.3431E-03     -1.1945E-02     -1.3111E-02      3.5346E-01
        65   000:00:06      4.7024E-04      1.6514E-06     -7.6640E-04      1.3037E-03     -1.1696E-02     -1.2865E-02      3.5346E-01
        66   000:00:06      4.4933E-04      1.7781E-06     -1.1025E-03      2.0261E-02     -1.1331E-02     -1.2503E-02      3.5346E-01
        67   000:00:06      4.4497E-04      1.0745E-06     -6.8995E-04      1.7097E-02     -1.1109E-02     -1.2281E-02      3.5347E-01
        68   000:00:06      4.3339E-04      6.4048E-07      8.9882E-05     -5.2415E-03     -1.1142E-02     -1.2313E-02      3.5347E-01
        69   000:00:06      4.1419E-04      1.2739E-06      4.1137E-04     -1.2902E-02     -1.1266E-02     -1.2440E-02      3.5347E-01
        70   000:00:06      4.1044E-04      1.0310E-06     -8.8056E-05     -4.6561E-04     -1.1231E-02     -1.2407E-02      3.5347E-01
        71   000:00:06      4.0170E-04      2.1595E-06     -6.6060E-04     -1.3510E-04     -1.1014E-02     -1.2191E-02      3.5347E-01
        72   000:00:06      3.9235E-04      1.3398E-06     -4.4084E-04      5.4285E-04     -1.0868E-02     -1.2047E-02      3.5347E-01
        73   000:00:06      3.8968E-04      1.6641E-06     -7.9145E-04      1.6986E-02     -1.0603E-02     -1.1783E-02      3.5347E-01
        74   000:00:06      3.8581E-04      9.1760E-07     -3.4232E-04      9.3732E-03     -1.0491E-02     -1.1670E-02      3.5347E-01
        75   000:00:06      3.8099E-04      5.3256E-07      2.0211E-04     -6.3314E-03     -1.0560E-02     -1.1737E-02      3.5347E-01
        76   000:00:06      3.6848E-04      9.9927E-07      4.9875E-04     -1.1884E-02     -1.0716E-02     -1.1893E-02      3.5347E-01
        77   000:00:06      3.6398E-04      1.0075E-06      5.7333E-05     -3.4085E-03     -1.0730E-02     -1.1907E-02      3.5347E-01
        78   000:00:06      3.5911E-04      1.4990E-06     -2.1430E-04     -5.6882E-03     -1.0662E-02     -1.1838E-02      3.5347E-01
        79   000:00:06      3.5460E-04      8.2989E-07     -2.0483E-04      6.1708E-04     -1.0596E-02     -1.1771E-02      3.5347E-01
        80   000:00:06      3.5648E-04      1.4955E-06     -6.1116E-04      1.7639E-02     -1.0394E-02     -1.1567E-02      3.5348E-01
        81   000:00:06      3.5344E-04      3.5897E-07     -6.9977E-05      2.5535E-03     -1.0372E-02     -1.1545E-02      3.5348E-01
        82   000:00:06      3.4276E-04      6.6902E-07      2.5069E-04     -6.4558E-03     -1.0460E-02     -1.1629E-02      3.5348E-01
        83   000:00:06      3.2659E-04      9.8969E-07      5.1960E-04     -9.3605E-03     -1.0632E-02     -1.1798E-02      3.5347E-01
        84   000:00:06      3.0985E-04      1.1105E-06      3.0252E-04     -7.8192E-03     -1.0736E-02     -1.1897E-02      3.5347E-01
        85   000:00:06      2.8945E-04      1.1960E-06      2.5026E-05     -9.1328E-03     -1.0759E-02     -1.1913E-02      3.5347E-01
        86   000:00:06      2.4489E-04      1.6889E-06     -2.0656E-04      6.5856E-03     -1.0714E-02     -1.1859E-02      3.5348E-01
        87   000:00:06      2.2722E-04      1.3817E-06     -4.3603E-04      2.1832E-02     -1.0585E-02     -1.1723E-02      3.5348E-01
        88   000:00:06      2.2109E-04      5.5728E-07     -4.1207E-05      2.1216E-03     -1.0579E-02     -1.1713E-02      3.5348E-01
        89   000:00:06      2.0717E-04      1.4370E-06      2.7420E-04     -7.3210E-03     -1.0687E-02     -1.1814E-02      3.5348E-01
        90   000:00:06      1.9046E-04      1.2332E-06      3.4129E-04     -4.1451E-03     -1.0809E-02     -1.1930E-02      3.5348E-01
        91   000:00:06      1.7627E-04      8.4777E-07      1.6800E-04     -4.0316E-03     -1.0873E-02     -1.1990E-02      3.5348E-01
        92   000:00:06      1.5963E-04      9.1194E-07     -6.8469E-06     -4.6343E-03     -1.0887E-02     -1.1999E-02      3.5348E-01
        93   000:00:06      1.3975E-04      1.2167E-06     -2.2446E-04      1.0359E-02     -1.0829E-02     -1.1936E-02      3.5348E-01
        94   000:00:06      1.3500E-04      3.1270E-07     -1.2900E-04      7.1565E-03     -1.0789E-02     -1.1896E-02      3.5348E-01
        95   000:00:06      1.2233E-04      4.1865E-07      2.2013E-05      3.4966E-04     -1.0800E-02     -1.1906E-02      3.5348E-01
        96   000:00:06      1.1368E-04      7.3039E-07      1.6939E-04     -3.3553E-03     -1.0863E-02     -1.1967E-02      3.5348E-01
        97   000:00:06      1.0972E-04      5.4402E-07      1.5286E-04     -8.0856E-04     -1.0915E-02     -1.2018E-02      3.5348E-01
        98   000:00:06      1.0742E-04      1.5901E-07      4.1620E-05     -9.1254E-04     -1.0930E-02     -1.2032E-02      3.5348E-01
        99   000:00:06      1.0403E-04      4.5232E-07      2.8877E-05     -2.4379E-03     -1.0945E-02     -1.2046E-02      3.5348E-01
       100   000:00:06      1.0478E-04      1.5585E-07     -2.3463E-05      1.3409E-03     -1.0938E-02     -1.2039E-02      3.5348E-01
       101   000:00:06      1.0151E-04      2.3918E-07     -2.9110E-05      3.2537E-03     -1.0926E-02     -1.2028E-02      3.5348E-01
       102   000:00:06      8.1158E-05      9.6787E-07      3.0295E-04     -4.8899E-03     -1.1014E-02     -1.2123E-02      3.5348E-01
       103   000:00:06      7.0465E-05      8.1424E-07      2.5407E-04     -3.5691E-03     -1.1091E-02     -1.2204E-02      3.5348E-01
       104   000:00:06      6.3993E-05      3.2755E-07      9.4648E-05      3.5058E-04     -1.1117E-02     -1.2232E-02      3.5348E-01
       105   000:00:06      6.1045E-05      1.2665E-07      2.5091E-05     -8.2776E-04     -1.1124E-02     -1.2239E-02      3.5348E-01
       106   000:00:06      5.5355E-05      2.6532E-07     -2.0536E-05     -1.2198E-03     -1.1117E-02     -1.2233E-02      3.5348E-01
       107   000:00:06      5.2317E-05      1.2099E-07     -5.7815E-05      2.2630E-03     -1.1097E-02     -1.2214E-02      3.5348E-01
       108   000:00:06      4.2802E-05      3.5542E-07     -4.1944E-05      1.6053E-03     -1.1078E-02     -1.2197E-02      3.5348E-01
       109   000:00:06      3.1308E-05      6.7499E-07      4.3576E-05     -2.1502E-03     -1.1081E-02     -1.2205E-02      3.5348E-01
       110   000:00:06      3.0261E-05      7.1541E-08     -2.2383E-06      2.3865E-04     -1.1079E-02     -1.2204E-02      3.5348E-01
       111   000:00:06      2.6807E-05      1.4849E-07     -3.1941E-05      1.2002E-03     -1.1067E-02     -1.2192E-02      3.5348E-01
       112   000:00:06      2.5967E-05      4.9951E-08     -9.7116E-06     -2.5896E-05     -1.1064E-02     -1.2189E-02      3.5348E-01
       113   000:00:06      2.3458E-05      1.2105E-07     -5.5703E-05      2.3776E-04     -1.1046E-02     -1.2171E-02      3.5348E-01
       114   000:00:06      2.2492E-05      8.0125E-08     -4.5220E-05      1.2044E-03     -1.1031E-02     -1.2156E-02      3.5348E-01
       115   000:00:06      2.1053E-05      9.6346E-08     -1.4857E-05      2.2923E-04     -1.1025E-02     -1.2151E-02      3.5348E-01
       116   000:00:06      1.9893E-05      1.3218E-07     -6.0209E-06     -2.7061E-04     -1.1022E-02     -1.2148E-02      3.5348E-01
       117   000:00:06      1.9595E-05      2.0034E-08     -5.5238E-06      1.7982E-04     -1.1020E-02     -1.2146E-02      3.5348E-01
       118   000:00:06      1.8917E-05      1.0832E-07     -3.4563E-05      9.1665E-04     -1.1008E-02     -1.2135E-02      3.5348E-01
       119   000:00:06      1.8534E-05      5.2653E-08     -1.2373E-05     -2.8351E-05     -1.1005E-02     -1.2131E-02      3.5348E-01
       120   000:00:06      1.7622E-05      1.0075E-07     -3.7141E-05      1.5755E-04     -1.0994E-02     -1.2120E-02      3.5348E-01
       121   000:00:06      1.6401E-05      1.0683E-07     -3.9528E-05      1.0008E-03     -1.0981E-02     -1.2107E-02      3.5348E-01
       122   000:00:06      1.5677E-05      9.3419E-08      2.3517E-06     -2.8375E-04     -1.0981E-02     -1.2107E-02      3.5348E-01
       123   000:00:06      1.5329E-05      6.4589E-08      8.8144E-06     -3.9442E-04     -1.0984E-02     -1.2110E-02      3.5348E-01
       124   000:00:06      1.5118E-05      2.7217E-08     -2.5460E-06      1.9669E-04     -1.0983E-02     -1.2109E-02      3.5348E-01
       125   000:00:06      1.4267E-05      8.9420E-08     -3.3423E-06      3.8616E-04     -1.0982E-02     -1.2108E-02      3.5348E-01
       126   000:00:06      1.3706E-05      5.6173E-08      1.3346E-06     -2.1152E-04     -1.0983E-02     -1.2109E-02      3.5348E-01
       127   000:00:06      1.3008E-05      7.7481E-08     -1.0570E-06     -1.4629E-04     -1.0984E-02     -1.2109E-02      3.5348E-01
       128   000:00:06      1.2013E-05      7.4482E-08      9.5070E-06     -2.2414E-05     -1.0987E-02     -1.2112E-02      3.5348E-01
       129   000:00:06      1.1506E-05      5.6110E-08      2.5211E-05     -6.3011E-04     -1.0995E-02     -1.2120E-02      3.5348E-01
       130   000:00:06      1.1264E-05      2.5123E-08      6.9302E-06     -1.2373E-04     -1.0997E-02     -1.2123E-02      3.5348E-01
       131   000:00:06      1.0633E-05      6.4164E-08      4.7250E-06      3.2108E-04     -1.0999E-02     -1.2124E-02      3.5348E-01
       132   000:00:06      1.0162E-05      5.1025E-08      9.6550E-06     -1.7731E-05     -1.1002E-02     -1.2127E-02      3.5349E-01
       133   000:00:06      9.4245E-06      8.0143E-08      1.5215E-05     -4.0621E-04     -1.1008E-02     -1.2133E-02      3.5349E-01
       134   000:00:06      9.2294E-06      2.5934E-08      2.3222E-06     -6.0205E-05     -1.1009E-02     -1.2134E-02      3.5349E-01
       135   000:00:06      8.2811E-06      7.6827E-08      2.0055E-05     -3.3122E-04     -1.1015E-02     -1.2140E-02      3.5349E-01
       136   000:00:06      8.4054E-06      3.5182E-08      1.3881E-05     -3.1715E-04     -1.1020E-02     -1.2145E-02      3.5349E-01
       137   000:00:06      8.3363E-06      2.8546E-08      5.1987E-06     -4.4424E-05     -1.1021E-02     -1.2146E-02      3.5349E-01
       138   000:00:06      8.2670E-06      5.7221E-08      3.8923E-06      2.7029E-04     -1.1022E-02     -1.2148E-02      3.5349E-01
       139   000:00:06      8.2664E-06      4.4393E-08      8.3035E-06     -4.9003E-05     -1.1025E-02     -1.2150E-02      3.5349E-01
       140   000:00:06      8.3643E-06      7.2909E-08      1.1230E-05     -2.7112E-04     -1.1029E-02     -1.2154E-02      3.5349E-01
       141   000:00:06      8.3661E-06      1.6074E-08      1.7760E-07     -1.4222E-05     -1.1029E-02     -1.2154E-02      3.5349E-01
       142   000:00:08      8.0488E-06      7.4624E-08      1.2428E-06     -1.2422E-04     -1.1030E-02     -1.2155E-02      3.5349E-01
       143   000:00:06      7.9154E-06      4.2594E-08      5.3369E-06     -1.3707E-04     -1.1032E-02     -1.2157E-02      3.5349E-01
       144   000:00:06      7.5998E-06      5.2713E-08      9.3928E-07      8.6479E-05     -1.1032E-02     -1.2157E-02      3.5349E-01
       145   000:00:06      7.0224E-06      9.1489E-08     -5.3680E-06      4.4460E-04     -1.1030E-02     -1.2155E-02      3.5349E-01
       146   000:00:06      6.6889E-06      4.6584E-08      3.5384E-06     -6.9222E-05     -1.1031E-02     -1.2156E-02      3.5349E-01
       147   000:00:06      6.3515E-06      7.0395E-08      2.7205E-06     -2.0788E-04     -1.1032E-02     -1.2157E-02      3.5349E-01
       148   000:00:06      6.3324E-06      8.1262E-09     -1.0004E-06      1.1130E-05     -1.1032E-02     -1.2157E-02      3.5349E-01
       149   000:00:06      6.2396E-06      2.6238E-08     -7.0444E-06      9.4873E-05     -1.1030E-02     -1.2155E-02      3.5349E-01
       150   000:00:06      5.9540E-06      3.5764E-08     -5.0366E-06      1.1147E-04     -1.1028E-02     -1.2153E-02      3.5349E-01
------ self-consistency NOT obtained, but maximum of SCF steps rearched. time used: 000:14:29

saving calculated results ...... :: finished. time used: 000:00:31


------ ------ ------ All the calculations have been finished. time used: 000:15:08

++++++++++++++++++++++++++++++++++++++++++++++++++++++++++++++++++++++++++++++++++




###########################################################################
##########   Thanks for using nanodcal. See you next time.       ##########
##########     ---- Hongzhiwei Technology (Shanghai) Co., LTD.   ##########
##########                                09-Sep-2022 04:08:45   ##########
###########################################################################



